<?xml version="1.0" encoding="UTF-8"?>
<!-- Generated by org.testng.reporters.JUnitXMLReporter -->
<testsuite ignored="0" hostname="Aswins-Air.adactin.guest" failures="0" tests="1" name="Default test" time="54.713" errors="0" timestamp="12 Feb 2020 01:25:47 GMT">
  <testcase classname="adactin.urbest.testscripts.To_verify_if_client_can_login_to_the_application_for_invalid_password" name="To_verify_if_client_can_login_to_the_application_for_invalid_password" time="14.846"/>
</testsuite> <!-- Default test -->
