<?xml version="1.0" encoding="UTF-8"?>
<testng-results ignored="0" total="1" passed="1" failed="0" skipped="0">
  <reporter-output>
  </reporter-output>
  <suite started-at="2020-01-28T04:52:35Z" name="Default suite" finished-at="2020-01-28T04:52:57Z" duration-ms="21477">
    <groups>
    </groups>
    <test started-at="2020-01-28T04:52:35Z" name="Default test" finished-at="2020-01-28T04:52:57Z" duration-ms="21477">
      <class name="adactin.urbest.testrunner.Verify_Login">
        <test-method is-config="true" signature="Prior_to_Signon()[pri:0, instance:adactin.urbest.testrunner.Verify_Login@15bb6bea]" started-at="2020-01-28T04:52:35Z" name="Prior_to_Signon" finished-at="2020-01-28T04:52:53Z" duration-ms="18217" status="PASS">
          <reporter-output>
          </reporter-output>
        </test-method> <!-- Prior_to_Signon -->
        <test-method signature="Verify_Sign_On()[pri:0, instance:adactin.urbest.testrunner.Verify_Login@15bb6bea]" started-at="2020-01-28T04:52:53Z" name="Verify_Sign_On" finished-at="2020-01-28T04:52:57Z" duration-ms="3174" status="PASS">
          <reporter-output>
          </reporter-output>
        </test-method> <!-- Verify_Sign_On -->
      </class> <!-- adactin.urbest.testrunner.Verify_Login -->
    </test> <!-- Default test -->
  </suite> <!-- Default suite -->
</testng-results>
