<?xml version="1.0" encoding="UTF-8"?>
<testng-results ignored="0" total="1" passed="1" failed="0" skipped="0">
  <reporter-output>
  </reporter-output>
  <suite started-at="2020-02-06T05:52:23Z" name="Default suite" finished-at="2020-02-06T05:52:45Z" duration-ms="21620">
    <groups>
    </groups>
    <test started-at="2020-02-06T05:52:23Z" name="Default test" finished-at="2020-02-06T05:52:45Z" duration-ms="21620">
      <class name="adactin.urbest.testrunner.Verify_Login_With_invalid_password">
        <test-method is-config="true" signature="Prior_to_Signon()[pri:0, instance:adactin.urbest.testrunner.Verify_Login_With_invalid_password@105fece7]" started-at="2020-02-06T05:52:23Z" name="Prior_to_Signon" finished-at="2020-02-06T05:52:40Z" duration-ms="16684" status="PASS">
          <reporter-output>
          </reporter-output>
        </test-method> <!-- Prior_to_Signon -->
        <test-method signature="Verify_Sign_On_With_Invalid_Password()[pri:1, instance:adactin.urbest.testrunner.Verify_Login_With_invalid_password@105fece7]" started-at="2020-02-06T05:52:40Z" name="Verify_Sign_On_With_Invalid_Password" finished-at="2020-02-06T05:52:44Z" duration-ms="4760" status="PASS">
          <reporter-output>
          </reporter-output>
        </test-method> <!-- Verify_Sign_On_With_Invalid_Password -->
        <test-method is-config="true" signature="Close_Browser()[pri:0, instance:adactin.urbest.testrunner.Verify_Login_With_invalid_password@105fece7]" started-at="2020-02-06T05:52:44Z" name="Close_Browser" finished-at="2020-02-06T05:52:45Z" duration-ms="132" status="PASS">
          <reporter-output>
          </reporter-output>
        </test-method> <!-- Close_Browser -->
      </class> <!-- adactin.urbest.testrunner.Verify_Login_With_invalid_password -->
    </test> <!-- Default test -->
  </suite> <!-- Default suite -->
</testng-results>
